<?xml version="1.0" encoding="UTF-8"?>
<Site BuildName="(empty)"
	BuildStamp="20241026-1957-Experimental"
	Name="(empty)"
	Generator="ctest-3.28.3"
	CompilerName=""
	CompilerVersion=""
	OSName="Linux"
	Hostname="dima-VMware-Virtual-Platform"
	OSRelease="6.8.0-47-generic"
	OSVersion="#47-Ubuntu SMP PREEMPT_DYNAMIC Fri Sep 27 21:40:26 UTC 2024"
	OSPlatform="x86_64"
	Is64Bits="1"
	VendorString="GenuineIntel"
	VendorID="Intel Corporation"
	FamilyID="6"
	ModelID="154"
	ProcessorCacheSize="10240"
	NumberOfLogicalCPU="2"
	NumberOfPhysicalCPU="2"
	TotalVirtualMemory="2047"
	TotalPhysicalMemory="1919"
	LogicalProcessorsPerPhysical="1"
	ProcessorClockFrequency="2496"
	>
	<Testing>
		<StartDateTime>Oct 26 23:44 MSK</StartDateTime>
		<StartTestTime>1729975444</StartTestTime>
		<TestList>
			<Test>./build/test/Test5</Test>
		</TestList>
		<Test Status="passed">
			<Name>Test5</Name>
			<Path>./build/test</Path>
			<FullName>./build/test/Test5</FullName>
			<FullCommandLine>/home/dima/Projects/edu/test_ci/build/bin/test5</FullCommandLine>
			<Results>
				<NamedMeasurement type="numeric/double" name="Execution Time">
					<Value>0.0488168</Value>
				</NamedMeasurement>
				<NamedMeasurement type="numeric/double" name="Processors">
					<Value>1</Value>
				</NamedMeasurement>
				<NamedMeasurement type="text/string" name="Completion Status">
					<Value>Completed</Value>
				</NamedMeasurement>
				<NamedMeasurement type="text/string" name="Command Line">
					<Value>/home/dima/Projects/edu/test_ci/build/bin/test5</Value>
				</NamedMeasurement>
				<NamedMeasurement type="text/string" name="Environment">
					<Value>#CTEST_RESOURCE_GROUP_COUNT=</Value>
				</NamedMeasurement>
				<Measurement>
					<Value>Running 1 test case...

[NON-XML-CHAR-0x1B][1;32;49m*** No errors detected
[NON-XML-CHAR-0x1B][0;39;49m
</Value>
				</Measurement>
			</Results>
		</Test>
		<EndDateTime>Oct 26 23:44 MSK</EndDateTime>
		<EndTestTime>1729975444</EndTestTime>
		<ElapsedMinutes>0</ElapsedMinutes>
	</Testing>
</Site>
